<?xml version="1.0" encoding="UTF-8"?>
<!-- Generated by org.testng.reporters.JUnitReportReporter -->
<testsuite hostname="DESKTOP-57PPRKQ" failures="0" tests="1" name="com.ShoppersStack_TestScripts.TC_002_verify_user_is_able_to_delete_address_or_not" time="17.619" errors="0" timestamp="2025-04-04T08:41:03 IST" skipped="0">
  <testcase classname="com.ShoppersStack_TestScripts.TC_002_verify_user_is_able_to_delete_address_or_not" name="deleteAddress" time="17.619"/>
</testsuite> <!-- com.ShoppersStack_TestScripts.TC_002_verify_user_is_able_to_delete_address_or_not -->
